2019-03-03 18:22:58,719-BrowserEngine-INFO-选择的浏览器是Chrome
2019-03-03 18:23:01,948-BrowserEngine-INFO-打开谷歌浏览器
2019-03-03 18:23:17,325-BasePage-INFO-<Discuz.pageobjects.HomePage1.testDiscuz1 object at 0x000002DA4C7ABBA8>页面('name', 'username')元素发送成功
2019-03-03 18:23:17,398-BasePage-INFO-<Discuz.pageobjects.HomePage1.testDiscuz1 object at 0x000002DA4C7ABBA8>页面('name', 'password')元素发送成功
2019-03-03 18:23:17,460-BasePage-INFO-点击成功<selenium.webdriver.remote.webelement.WebElement (session="467b1f68356b84edceab150ff0f7166c", element="0.5965299566901023-3")>
2019-03-03 18:23:17,904-BasePage-INFO-获取文本成功
2019-03-03 18:23:17,923-DiscuzTest1-INFO-用户名lxc登陆成功
2019-03-03 18:23:29,269-BasePage-INFO-点击成功<selenium.webdriver.remote.webelement.WebElement (session="467b1f68356b84edceab150ff0f7166c", element="0.31097201411913966-2")>
2019-03-03 18:23:29,291-BasePage-INFO-获取文本成功
2019-03-03 18:23:29,312-DiscuzTest1-INFO-成功进入默认模块
2019-03-03 18:23:29,398-BasePage-INFO-<Discuz.pageobjects.HomePage1.testDiscuz1 object at 0x000002DA4C7ABBA8>页面('name', 'subject')元素发送成功
2019-03-03 18:23:29,493-BasePage-INFO-<Discuz.pageobjects.HomePage1.testDiscuz1 object at 0x000002DA4C7ABBA8>页面('css selector', '.area textarea')元素发送成功
2019-03-03 18:23:31,691-BasePage-INFO-点击成功<selenium.webdriver.remote.webelement.WebElement (session="467b1f68356b84edceab150ff0f7166c", element="0.3559065547290645-4")>
2019-03-03 18:23:47,791-BasePage-INFO-<Discuz.pageobjects.HomePage1.testDiscuz1 object at 0x000002DA4C7ABBA8>页面('css selector', '.pt')元素发送成功
2019-03-03 18:23:58,187-BasePage-INFO-点击成功<selenium.webdriver.remote.webelement.WebElement (session="467b1f68356b84edceab150ff0f7166c", element="0.30803834302971844-2")>
2019-03-03 18:24:14,430-BasePage-INFO-点击成功<selenium.webdriver.remote.webelement.WebElement (session="467b1f68356b84edceab150ff0f7166c", element="0.30803834302971844-3")>
2019-03-03 18:24:19,432-BrowserEngine-INFO-关闭
2019-03-03 18:24:21,802-BrowserEngine-INFO-选择的浏览器是Chrome
2019-03-03 18:24:24,564-BrowserEngine-INFO-打开谷歌浏览器
2019-03-03 18:24:39,940-BasePage-INFO-<Discuz.pageobjects.HomePage2.testDiscuz2 object at 0x000002DA4C79A710>页面('name', 'username')元素发送成功
2019-03-03 18:24:40,007-BasePage-INFO-<Discuz.pageobjects.HomePage2.testDiscuz2 object at 0x000002DA4C79A710>页面('name', 'password')元素发送成功
2019-03-03 18:24:40,071-BasePage-INFO-点击成功<selenium.webdriver.remote.webelement.WebElement (session="fea3dcca29ef8212d6c756c9fb405f9b", element="0.8101498001644796-3")>
2019-03-03 18:24:43,423-BasePage-INFO-点击成功<selenium.webdriver.remote.webelement.WebElement (session="fea3dcca29ef8212d6c756c9fb405f9b", element="0.8639987055366147-1")>
2019-03-03 18:24:43,620-BasePage-INFO-点击成功<selenium.webdriver.remote.webelement.WebElement (session="fea3dcca29ef8212d6c756c9fb405f9b", element="0.9242716175322185-1")>
2019-03-03 18:24:47,011-BasePage-INFO-点击成功<selenium.webdriver.remote.webelement.WebElement (session="fea3dcca29ef8212d6c756c9fb405f9b", element="0.9242716175322185-2")>
2019-03-03 18:24:58,325-BasePage-INFO-点击成功<selenium.webdriver.remote.webelement.WebElement (session="fea3dcca29ef8212d6c756c9fb405f9b", element="0.9242716175322185-3")>
2019-03-03 18:25:06,492-BasePage-INFO-点击成功<selenium.webdriver.remote.webelement.WebElement (session="fea3dcca29ef8212d6c756c9fb405f9b", element="0.11607809251833467-1")>
2019-03-03 18:25:08,503-BasePage-INFO-激活窗口<Discuz.pageobjects.HomePage2.testDiscuz2 object at 0x000002DA4C79A710>成功
2019-03-03 18:25:20,868-BasePage-INFO-有屏幕截图bingq保存的路径是/screenshots/
2019-03-03 18:25:20,868-BasePage-ERROR-<Discuz.pageobjects.HomePage2.testDiscuz2 object at 0x000002DA4C79A710>页面Message: no such element: Unable to locate element: {"method":"name","selector":"admin_password"}
  (Session info: chrome=72.0.3626.119)
  (Driver info: chromedriver=73.0.3683.20 (8e2b610813e167eee3619ac4ce6e42e3ec622017),platform=Windows NT 10.0.16299 x86_64)
元素发送失败
2019-03-03 18:25:32,264-BasePage-INFO-有屏幕截图bingq保存的路径是/screenshots/
2019-03-03 18:25:32,264-BasePage-ERROR-点击失败Message: element not interactable
  (Session info: chrome=72.0.3626.119)
  (Driver info: chromedriver=73.0.3683.20 (8e2b610813e167eee3619ac4ce6e42e3ec622017),platform=Windows NT 10.0.16299 x86_64)

2019-03-03 18:25:34,276-BasePage-INFO-激活窗口<Discuz.pageobjects.HomePage2.testDiscuz2 object at 0x000002DA4C79A710>成功
2019-03-03 18:25:34,340-BasePage-INFO-点击成功<selenium.webdriver.remote.webelement.WebElement (session="fea3dcca29ef8212d6c756c9fb405f9b", element="0.9717575273836863-2")>
2019-03-03 18:25:36,390-BasePage-INFO-查找iframe元素成功
2019-03-03 18:25:36,533-BasePage-INFO-点击成功<selenium.webdriver.remote.webelement.WebElement (session="fea3dcca29ef8212d6c756c9fb405f9b", element="0.5304966932049435-1")>
2019-03-03 18:25:38,846-BasePage-INFO-点击成功<selenium.webdriver.remote.webelement.WebElement (session="fea3dcca29ef8212d6c756c9fb405f9b", element="0.5304966932049435-2")>
2019-03-03 18:25:48,232-BasePage-INFO-有屏幕截图bingq保存的路径是/screenshots/
2019-03-03 18:25:48,232-BasePage-ERROR-点击失败Message: no such element: Unable to locate element: {"method":"link text","selector":"退出"}
  (Session info: chrome=72.0.3626.119)
  (Driver info: chromedriver=73.0.3683.20 (8e2b610813e167eee3619ac4ce6e42e3ec622017),platform=Windows NT 10.0.16299 x86_64)

2019-03-03 18:25:48,260-BasePage-INFO-激活窗口<Discuz.pageobjects.HomePage2.testDiscuz2 object at 0x000002DA4C79A710>成功
2019-03-03 18:25:51,563-BasePage-INFO-点击成功<selenium.webdriver.remote.webelement.WebElement (session="fea3dcca29ef8212d6c756c9fb405f9b", element="0.11607809251833467-2")>
2019-03-03 18:26:01,690-BasePage-INFO-<Discuz.pageobjects.HomePage1.testDiscuz1 object at 0x000002DA4C7ABE48>页面('name', 'username')元素发送成功
2019-03-03 18:26:01,769-BasePage-INFO-<Discuz.pageobjects.HomePage1.testDiscuz1 object at 0x000002DA4C7ABE48>页面('name', 'password')元素发送成功
2019-03-03 18:26:01,831-BasePage-INFO-点击成功<selenium.webdriver.remote.webelement.WebElement (session="fea3dcca29ef8212d6c756c9fb405f9b", element="0.07398219303222331-3")>
2019-03-03 18:26:13,064-BasePage-INFO-获取文本成功
2019-03-03 18:26:25,420-BasePage-INFO-有屏幕截图bingq保存的路径是/screenshots/
2019-03-03 18:26:25,420-BasePage-ERROR-点击失败Message: no such element: Unable to locate element: {"method":"css selector","selector":"tr:nth-child(2) td h2 a"}
  (Session info: chrome=72.0.3626.119)
  (Driver info: chromedriver=73.0.3683.20 (8e2b610813e167eee3619ac4ce6e42e3ec622017),platform=Windows NT 10.0.16299 x86_64)

2019-03-03 18:26:25,502-BasePage-INFO-<Discuz.pageobjects.HomePage1.testDiscuz1 object at 0x000002DA4C7ABE48>页面('name', 'subject')元素发送成功
2019-03-03 18:26:25,567-BasePage-INFO-<Discuz.pageobjects.HomePage1.testDiscuz1 object at 0x000002DA4C7ABE48>页面('css selector', '.area textarea')元素发送成功
2019-03-03 18:26:36,032-BasePage-INFO-点击成功<selenium.webdriver.remote.webelement.WebElement (session="fea3dcca29ef8212d6c756c9fb405f9b", element="0.7494400422800824-4")>
2019-03-03 18:26:41,033-BrowserEngine-INFO-关闭
2019-03-03 18:26:43,544-BrowserEngine-INFO-选择的浏览器是Chrome
2019-03-03 18:26:45,721-BrowserEngine-INFO-打开谷歌浏览器
2019-03-03 18:26:59,250-BasePage-INFO-<Discuz.pageobjects.HomePage1.testDiscuz1 object at 0x000002DA4C7D7DA0>页面('name', 'username')元素发送成功
2019-03-03 18:26:59,348-BasePage-INFO-<Discuz.pageobjects.HomePage1.testDiscuz1 object at 0x000002DA4C7D7DA0>页面('name', 'password')元素发送成功
2019-03-03 18:26:59,421-BasePage-INFO-点击成功<selenium.webdriver.remote.webelement.WebElement (session="3ecfa6c893764bdc785bd27fb4ca7351", element="0.21861166560571554-3")>
2019-03-03 18:26:59,825-BasePage-INFO-获取文本成功
2019-03-03 18:27:02,006-BasePage-INFO-<Discuz.pageobjects.HomePage3.testDiscuz3 object at 0x000002DA4C7D7E48>页面('name', 'srchtxt')元素发送成功
2019-03-03 18:27:02,007-testDiscuz3-INFO-已输入haotest
2019-03-03 18:27:02,084-BasePage-INFO-点击成功<selenium.webdriver.remote.webelement.WebElement (session="3ecfa6c893764bdc785bd27fb4ca7351", element="0.7718630474769064-3")>
2019-03-03 18:27:02,085-testDiscuz3-INFO-点击搜索
2019-03-03 18:27:04,102-BasePage-INFO-激活窗口<Discuz.pageobjects.HomePage3.testDiscuz3 object at 0x000002DA4C7D7E48>成功
2019-03-03 18:27:04,103-testDiscuz3-INFO-激活窗口
2019-03-03 18:27:07,225-BasePage-INFO-点击成功<selenium.webdriver.remote.webelement.WebElement (session="3ecfa6c893764bdc785bd27fb4ca7351", element="0.7920480048568761-1")>
2019-03-03 18:27:07,225-testDiscuz3-INFO-点击找到的haotest
2019-03-03 18:27:07,234-BasePage-INFO-激活窗口<Discuz.pageobjects.HomePage3.testDiscuz3 object at 0x000002DA4C7D7E48>成功
2019-03-03 18:27:08,265-BasePage-INFO-获取文本成功
2019-03-03 18:27:08,283-DiscuzTest3-INFO-断言成功，搜索到haotesthaotest
2019-03-03 18:27:13,283-BrowserEngine-INFO-关闭
2019-03-03 18:27:15,642-BrowserEngine-INFO-选择的浏览器是Chrome
2019-03-03 18:27:17,917-BrowserEngine-INFO-打开谷歌浏览器
2019-03-03 18:27:27,898-BasePage-INFO-<Discuz.pageobjects.HomePage1.testDiscuz1 object at 0x000002DA4C7EBD30>页面('name', 'username')元素发送成功
2019-03-03 18:27:27,971-BasePage-INFO-<Discuz.pageobjects.HomePage1.testDiscuz1 object at 0x000002DA4C7EBD30>页面('name', 'password')元素发送成功
2019-03-03 18:27:28,039-BasePage-INFO-点击成功<selenium.webdriver.remote.webelement.WebElement (session="75f47bfaecf154bb4bfce7e19ae8619f", element="0.6377081503318491-3")>
2019-03-03 18:27:28,447-BasePage-INFO-获取文本成功
2019-03-03 18:27:29,844-BasePage-INFO-点击成功<selenium.webdriver.remote.webelement.WebElement (session="75f47bfaecf154bb4bfce7e19ae8619f", element="0.5866680220341622-2")>
2019-03-03 18:27:29,865-BasePage-INFO-获取文本成功
2019-03-03 18:27:44,243-BasePage-INFO-点击成功<selenium.webdriver.remote.webelement.WebElement (session="75f47bfaecf154bb4bfce7e19ae8619f", element="0.007066285600343392-2")>
2019-03-03 18:27:44,703-BasePage-INFO-点击成功<selenium.webdriver.remote.webelement.WebElement (session="75f47bfaecf154bb4bfce7e19ae8619f", element="0.7974411608498639-1")>
2019-03-03 18:27:47,845-BasePage-INFO-<Discuz.pageobjects.HomePage4.testDiscuz4 object at 0x000002DA4C7D7E80>页面('css selector', '.bm .pbt .z input')元素发送成功
2019-03-03 18:27:47,909-BasePage-INFO-<Discuz.pageobjects.HomePage4.testDiscuz4 object at 0x000002DA4C7D7E80>页面('css selector', '.sinf div:nth-child(4) p:nth-child(1) input')元素发送成功
2019-03-03 18:27:47,969-BasePage-INFO-<Discuz.pageobjects.HomePage4.testDiscuz4 object at 0x000002DA4C7D7E80>页面('css selector', '.sinf div:nth-child(4) p:nth-child(2) input')元素发送成功
2019-03-03 18:27:51,114-BasePage-INFO-点击成功<selenium.webdriver.remote.webelement.WebElement (session="75f47bfaecf154bb4bfce7e19ae8619f", element="0.4505393685633685-4")>
2019-03-03 18:27:53,547-BasePage-INFO-点击成功<selenium.webdriver.remote.webelement.WebElement (session="75f47bfaecf154bb4bfce7e19ae8619f", element="0.7814930415947814-1")>
2019-03-03 18:27:54,421-BasePage-INFO-点击成功<selenium.webdriver.remote.webelement.WebElement (session="75f47bfaecf154bb4bfce7e19ae8619f", element="0.7814930415947814-2")>
2019-03-03 18:27:54,447-BasePage-INFO-获取文本成功
2019-03-03 18:27:54,490-BasePage-INFO-获取文本成功
2019-03-03 18:27:54,522-BasePage-INFO-获取文本成功
2019-03-03 18:27:54,551-BasePage-INFO-获取文本成功
2019-03-03 18:27:54,581-BasePage-INFO-获取文本成功
2019-03-03 18:27:54,598-testDiscuz4-INFO-主题是：num
2019-03-03 18:27:54,598-testDiscuz4-INFO-选项1名称：1.  two
2019-03-03 18:27:54,598-testDiscuz4-INFO-选项1投票比例：100.00% (1)
2019-03-03 18:27:54,598-testDiscuz4-INFO-选项2名称：2.  one
2019-03-03 18:27:54,598-testDiscuz4-INFO-选项2投票比例：0.00% (0)
2019-03-03 18:27:59,600-BrowserEngine-INFO-关闭
